android/build/outputs/logs/manifest-merger-release-report.txt
-- Merging decision tree log ---
manifest
ADDED from flappybird/android/AndroidManifest.xml:2:1-26:12
INJECTED from flappybird/android/AndroidManifest.xml:2:1-26:12
INJECTED from flappybird/android/AndroidManifest.xml:2:1-26:12
INJECTED from flappybird/android/AndroidManifest.xml:2:1-26:12
INJECTED from flappybird/android/AndroidManifest.xml:2:1-26:12
INJECTED from flappybird/android/AndroidManifest.xml:2:1-26:12
INJECTED from flappybird/android/AndroidManifest.xml:2:1-26:12
	package
		ADDED from flappybird/android/AndroidManifest.xml:3:5-32
		INJECTED from flappybird/android/AndroidManifest.xml
		INJECTED from flappybird/android/AndroidManifest.xml
	android:versionName
		INJECTED from flappybird/android/AndroidManifest.xml
		ADDED from flappybird/android/AndroidManifest.xml:2:1-26:12
		INJECTED from flappybird/android/AndroidManifest.xml
	android:versionCode
		INJECTED from flappybird/android/AndroidManifest.xml
		ADDED from flappybird/android/AndroidManifest.xml:2:1-26:12
		INJECTED from flappybird/android/AndroidManifest.xml
	xmlns:android
		ADDED from flappybird/android/AndroidManifest.xml:2:11-69
uses-permission#android.permission.VIBRATE
ADDED from flappybird/android/AndroidManifest.xml:4:5-65
	android:name
		ADDED from flappybird/android/AndroidManifest.xml:4:22-63
application
ADDED from flappybird/android/AndroidManifest.xml:7:5-24:19
	android:label
		ADDED from flappybird/android/AndroidManifest.xml:12:9-41
	android:appCategory
		ADDED from flappybird/android/AndroidManifest.xml:11:9-35
	android:icon
		ADDED from flappybird/android/AndroidManifest.xml:9:9-44
	android:allowBackup
		ADDED from flappybird/android/AndroidManifest.xml:8:9-35
	android:theme
		ADDED from flappybird/android/AndroidManifest.xml:13:9-40
	android:isGame
		ADDED from flappybird/android/AndroidManifest.xml:10:9-30
activity#com.codingee.game.AndroidLauncher
ADDED from flappybird/android/AndroidManifest.xml:14:9-23:20
	android:screenOrientation
		ADDED from flappybird/android/AndroidManifest.xml:17:13-49
	android:label
		ADDED from flappybird/android/AndroidManifest.xml:16:13-45
	android:configChanges
		ADDED from flappybird/android/AndroidManifest.xml:18:13-107
	android:name
		ADDED from flappybird/android/AndroidManifest.xml:15:13-61
intent-filter#action:name:android.intent.action.MAIN+category:name:android.intent.category.LAUNCHER
ADDED from flappybird/android/AndroidManifest.xml:19:13-22:29
action#android.intent.action.MAIN
ADDED from flappybird/android/AndroidManifest.xml:20:17-69
	android:name
		ADDED from flappybird/android/AndroidManifest.xml:20:25-66
category#android.intent.category.LAUNCHER
ADDED from flappybird/android/AndroidManifest.xml:21:17-77
	android:name
		ADDED from flappybird/android/AndroidManifest.xml:21:27-74
uses-sdk
INJECTED from flappybird/android/AndroidManifest.xml reason: use-sdk injection requested
INJECTED from flappybird/android/AndroidManifest.xml
INJECTED from flappybird/android/AndroidManifest.xml
INJECTED from flappybird/android/AndroidManifest.xml
INJECTED from flappybird/android/AndroidManifest.xml
	android:targetSdkVersion
		INJECTED from flappybird/android/AndroidManifest.xml
		ADDED from flappybird/android/AndroidManifest.xml
		INJECTED from flappybird/android/AndroidManifest.xml
	android:minSdkVersion
		INJECTED from flappybird/android/AndroidManifest.xml
		ADDED from flappybird/android/AndroidManifest.xml
		INJECTED from flappybird/android/AndroidManifest.xml